<?xml version="1.0" encoding="UTF-8"?>
<testsuite xmlns:xsi="http://www.w3.org/2001/XMLSchema-instance" xsi:noNamespaceSchemaLocation="https://maven.apache.org/surefire/maven-surefire-plugin/xsd/surefire-test-report.xsd" name="ifmt.cba.AppTest" time="0.071" tests="1" errors="0" skipped="0" failures="0">
  <properties>
    <property name="java.specification.version" value="20"/>
    <property name="sun.cpu.isalist" value="amd64"/>
    <property name="sun.jnu.encoding" value="Cp1252"/>
    <property name="java.class.path" value="c:\Users\el_va\OneDrive\Documentos\Técnologo Sistema para Internet - IFMT\Periodo\5 Periodo\Programaçao Orientada a Serviços\Atividade Gerenciador de Estoque\controle-estoque\target\test-classes;c:\Users\el_va\OneDrive\Documentos\Técnologo Sistema para Internet - IFMT\Periodo\5 Periodo\Programaçao Orientada a Serviços\Atividade Gerenciador de Estoque\controle-estoque\target\classes;C:\Users\el_va\.m2\repository\junit\junit\4.11\junit-4.11.jar;C:\Users\el_va\.m2\repository\org\hamcrest\hamcrest-core\1.3\hamcrest-core-1.3.jar;C:\Users\el_va\.m2\repository\jakarta\xml\ws\jakarta.xml.ws-api\4.0.0\jakarta.xml.ws-api-4.0.0.jar;C:\Users\el_va\.m2\repository\jakarta\xml\soap\jakarta.xml.soap-api\3.0.0\jakarta.xml.soap-api-3.0.0.jar;C:\Users\el_va\.m2\repository\com\sun\xml\ws\jaxws-rt\4.0.1\jaxws-rt-4.0.1.jar;C:\Users\el_va\.m2\repository\org\glassfish\ha\ha-api\3.1.13\ha-api-3.1.13.jar;C:\Users\el_va\.m2\repository\org\glassfish\external\management-api\3.2.3\management-api-3.2.3.jar;C:\Users\el_va\.m2\repository\org\glassfish\gmbal\gmbal-api-only\4.0.3\gmbal-api-only-4.0.3.jar;C:\Users\el_va\.m2\repository\org\jvnet\staxex\stax-ex\2.1.0\stax-ex-2.1.0.jar;C:\Users\el_va\.m2\repository\com\sun\xml\stream\buffer\streambuffer\2.1.0\streambuffer-2.1.0.jar;C:\Users\el_va\.m2\repository\org\jvnet\mimepull\mimepull\1.10.0\mimepull-1.10.0.jar;C:\Users\el_va\.m2\repository\com\sun\xml\fastinfoset\FastInfoset\2.1.0\FastInfoset-2.1.0.jar;C:\Users\el_va\.m2\repository\jakarta\mail\jakarta.mail-api\2.1.1\jakarta.mail-api-2.1.1.jar;C:\Users\el_va\.m2\repository\org\eclipse\angus\angus-activation\2.0.0\angus-activation-2.0.0.jar;C:\Users\el_va\.m2\repository\org\eclipse\angus\angus-mail\2.0.1\angus-mail-2.0.1.jar;C:\Users\el_va\.m2\repository\com\sun\xml\messaging\saaj\saaj-impl\3.0.0\saaj-impl-3.0.0.jar;C:\Users\el_va\.m2\repository\com\fasterxml\woodstox\woodstox-core\6.5.0\woodstox-core-6.5.0.jar;C:\Users\el_va\.m2\repository\org\codehaus\woodstox\stax2-api\4.2.1\stax2-api-4.2.1.jar;C:\Users\el_va\.m2\repository\jakarta\activation\jakarta.activation-api\2.1.1\jakarta.activation-api-2.1.1.jar;C:\Users\el_va\.m2\repository\jakarta\annotation\jakarta.annotation-api\2.1.1\jakarta.annotation-api-2.1.1.jar;C:\Users\el_va\.m2\repository\com\sun\xml\ws\jaxws-tools\4.0.1\jaxws-tools-4.0.1.jar;C:\Users\el_va\.m2\repository\com\sun\xml\bind\jaxb-xjc\4.0.2\jaxb-xjc-4.0.2.jar;C:\Users\el_va\.m2\repository\com\sun\xml\bind\jaxb-jxc\4.0.2\jaxb-jxc-4.0.2.jar;C:\Users\el_va\.m2\repository\com\sun\xml\ws\jaxws-eclipselink-plugin\4.0.1\jaxws-eclipselink-plugin-4.0.1.jar;C:\Users\el_va\.m2\repository\org\eclipse\persistence\org.eclipse.persistence.moxy\4.0.0\org.eclipse.persistence.moxy-4.0.0.jar;C:\Users\el_va\.m2\repository\org\eclipse\persistence\org.eclipse.persistence.asm\9.4.0\org.eclipse.persistence.asm-9.4.0.jar;C:\Users\el_va\.m2\repository\org\eclipse\persistence\org.eclipse.persistence.core\4.0.0\org.eclipse.persistence.core-4.0.0.jar;C:\Users\el_va\.m2\repository\com\sun\xml\ws\sdo-eclipselink-plugin\4.0.1\sdo-eclipselink-plugin-4.0.1.jar;C:\Users\el_va\.m2\repository\org\eclipse\persistence\org.eclipse.persistence.sdo\4.0.0\org.eclipse.persistence.sdo-4.0.0.jar;C:\Users\el_va\.m2\repository\jakarta\xml\bind\jakarta.xml.bind-api\4.0.0\jakarta.xml.bind-api-4.0.0.jar;C:\Users\el_va\.m2\repository\com\sun\xml\bind\jaxb-impl\4.0.2\jaxb-impl-4.0.2.jar;C:\Users\el_va\.m2\repository\com\sun\xml\bind\jaxb-core\4.0.2\jaxb-core-4.0.2.jar;"/>
    <property name="java.vm.vendor" value="Oracle Corporation"/>
    <property name="sun.arch.data.model" value="64"/>
    <property name="user.variant" value=""/>
    <property name="java.vendor.url" value="https://java.oracle.com/"/>
    <property name="user.timezone" value="America/Cuiaba"/>
    <property name="os.name" value="Windows 10"/>
    <property name="java.vm.specification.version" value="20"/>
    <property name="sun.java.launcher" value="SUN_STANDARD"/>
    <property name="user.country" value="BR"/>
    <property name="sun.boot.library.path" value="C:\Program Files\OpenJDK\jdk-20.0.2\bin"/>
    <property name="sun.java.command" value="C:\Users\el_va\AppData\Local\Temp\surefire13280194500176899890\surefirebooter11316341493818621304.jar C:\Users\el_va\AppData\Local\Temp\surefire13280194500176899890 2023-09-11T00-38-41_415-jvmRun1 surefire9607019506231408480tmp surefire_011383888383113524638tmp"/>
    <property name="jdk.debug" value="release"/>
    <property name="surefire.test.class.path" value="c:\Users\el_va\OneDrive\Documentos\Técnologo Sistema para Internet - IFMT\Periodo\5 Periodo\Programaçao Orientada a Serviços\Atividade Gerenciador de Estoque\controle-estoque\target\test-classes;c:\Users\el_va\OneDrive\Documentos\Técnologo Sistema para Internet - IFMT\Periodo\5 Periodo\Programaçao Orientada a Serviços\Atividade Gerenciador de Estoque\controle-estoque\target\classes;C:\Users\el_va\.m2\repository\junit\junit\4.11\junit-4.11.jar;C:\Users\el_va\.m2\repository\org\hamcrest\hamcrest-core\1.3\hamcrest-core-1.3.jar;C:\Users\el_va\.m2\repository\jakarta\xml\ws\jakarta.xml.ws-api\4.0.0\jakarta.xml.ws-api-4.0.0.jar;C:\Users\el_va\.m2\repository\jakarta\xml\soap\jakarta.xml.soap-api\3.0.0\jakarta.xml.soap-api-3.0.0.jar;C:\Users\el_va\.m2\repository\com\sun\xml\ws\jaxws-rt\4.0.1\jaxws-rt-4.0.1.jar;C:\Users\el_va\.m2\repository\org\glassfish\ha\ha-api\3.1.13\ha-api-3.1.13.jar;C:\Users\el_va\.m2\repository\org\glassfish\external\management-api\3.2.3\management-api-3.2.3.jar;C:\Users\el_va\.m2\repository\org\glassfish\gmbal\gmbal-api-only\4.0.3\gmbal-api-only-4.0.3.jar;C:\Users\el_va\.m2\repository\org\jvnet\staxex\stax-ex\2.1.0\stax-ex-2.1.0.jar;C:\Users\el_va\.m2\repository\com\sun\xml\stream\buffer\streambuffer\2.1.0\streambuffer-2.1.0.jar;C:\Users\el_va\.m2\repository\org\jvnet\mimepull\mimepull\1.10.0\mimepull-1.10.0.jar;C:\Users\el_va\.m2\repository\com\sun\xml\fastinfoset\FastInfoset\2.1.0\FastInfoset-2.1.0.jar;C:\Users\el_va\.m2\repository\jakarta\mail\jakarta.mail-api\2.1.1\jakarta.mail-api-2.1.1.jar;C:\Users\el_va\.m2\repository\org\eclipse\angus\angus-activation\2.0.0\angus-activation-2.0.0.jar;C:\Users\el_va\.m2\repository\org\eclipse\angus\angus-mail\2.0.1\angus-mail-2.0.1.jar;C:\Users\el_va\.m2\repository\com\sun\xml\messaging\saaj\saaj-impl\3.0.0\saaj-impl-3.0.0.jar;C:\Users\el_va\.m2\repository\com\fasterxml\woodstox\woodstox-core\6.5.0\woodstox-core-6.5.0.jar;C:\Users\el_va\.m2\repository\org\codehaus\woodstox\stax2-api\4.2.1\stax2-api-4.2.1.jar;C:\Users\el_va\.m2\repository\jakarta\activation\jakarta.activation-api\2.1.1\jakarta.activation-api-2.1.1.jar;C:\Users\el_va\.m2\repository\jakarta\annotation\jakarta.annotation-api\2.1.1\jakarta.annotation-api-2.1.1.jar;C:\Users\el_va\.m2\repository\com\sun\xml\ws\jaxws-tools\4.0.1\jaxws-tools-4.0.1.jar;C:\Users\el_va\.m2\repository\com\sun\xml\bind\jaxb-xjc\4.0.2\jaxb-xjc-4.0.2.jar;C:\Users\el_va\.m2\repository\com\sun\xml\bind\jaxb-jxc\4.0.2\jaxb-jxc-4.0.2.jar;C:\Users\el_va\.m2\repository\com\sun\xml\ws\jaxws-eclipselink-plugin\4.0.1\jaxws-eclipselink-plugin-4.0.1.jar;C:\Users\el_va\.m2\repository\org\eclipse\persistence\org.eclipse.persistence.moxy\4.0.0\org.eclipse.persistence.moxy-4.0.0.jar;C:\Users\el_va\.m2\repository\org\eclipse\persistence\org.eclipse.persistence.asm\9.4.0\org.eclipse.persistence.asm-9.4.0.jar;C:\Users\el_va\.m2\repository\org\eclipse\persistence\org.eclipse.persistence.core\4.0.0\org.eclipse.persistence.core-4.0.0.jar;C:\Users\el_va\.m2\repository\com\sun\xml\ws\sdo-eclipselink-plugin\4.0.1\sdo-eclipselink-plugin-4.0.1.jar;C:\Users\el_va\.m2\repository\org\eclipse\persistence\org.eclipse.persistence.sdo\4.0.0\org.eclipse.persistence.sdo-4.0.0.jar;C:\Users\el_va\.m2\repository\jakarta\xml\bind\jakarta.xml.bind-api\4.0.0\jakarta.xml.bind-api-4.0.0.jar;C:\Users\el_va\.m2\repository\com\sun\xml\bind\jaxb-impl\4.0.2\jaxb-impl-4.0.2.jar;C:\Users\el_va\.m2\repository\com\sun\xml\bind\jaxb-core\4.0.2\jaxb-core-4.0.2.jar;"/>
    <property name="sun.cpu.endian" value="little"/>
    <property name="user.home" value="C:\Users\el_va"/>
    <property name="user.language" value="pt"/>
    <property name="java.specification.vendor" value="Oracle Corporation"/>
    <property name="java.version.date" value="2023-07-18"/>
    <property name="java.home" value="C:\Program Files\OpenJDK\jdk-20.0.2"/>
    <property name="file.separator" value="\"/>
    <property name="basedir" value="c:\Users\el_va\OneDrive\Documentos\Técnologo Sistema para Internet - IFMT\Periodo\5 Periodo\Programaçao Orientada a Serviços\Atividade Gerenciador de Estoque\controle-estoque"/>
    <property name="java.vm.compressedOopsMode" value="Zero based"/>
    <property name="line.separator" value="&#10;"/>
    <property name="java.vm.specification.vendor" value="Oracle Corporation"/>
    <property name="java.specification.name" value="Java Platform API Specification"/>
    <property name="surefire.real.class.path" value="C:\Users\el_va\AppData\Local\Temp\surefire13280194500176899890\surefirebooter11316341493818621304.jar"/>
    <property name="user.script" value=""/>
    <property name="sun.management.compiler" value="HotSpot 64-Bit Tiered Compilers"/>
    <property name="java.runtime.version" value="20.0.2+9-78"/>
    <property name="user.name" value="el_va"/>
    <property name="stdout.encoding" value="Cp1252"/>
    <property name="path.separator" value=";"/>
    <property name="os.version" value="10.0"/>
    <property name="java.runtime.name" value="OpenJDK Runtime Environment"/>
    <property name="file.encoding" value="UTF-8"/>
    <property name="java.vm.name" value="OpenJDK 64-Bit Server VM"/>
    <property name="localRepository" value="C:\Users\el_va\.m2\repository"/>
    <property name="java.vendor.url.bug" value="https://bugreport.java.com/bugreport/"/>
    <property name="java.io.tmpdir" value="C:\Users\el_va\AppData\Local\Temp\"/>
    <property name="java.version" value="20.0.2"/>
    <property name="user.dir" value="c:\Users\el_va\OneDrive\Documentos\Técnologo Sistema para Internet - IFMT\Periodo\5 Periodo\Programaçao Orientada a Serviços\Atividade Gerenciador de Estoque\controle-estoque"/>
    <property name="os.arch" value="amd64"/>
    <property name="java.vm.specification.name" value="Java Virtual Machine Specification"/>
    <property name="sun.os.patch.level" value=""/>
    <property name="native.encoding" value="Cp1252"/>
    <property name="java.library.path" value="C:\Program Files\OpenJDK\jdk-20.0.2\bin;C:\WINDOWS\Sun\Java\bin;C:\WINDOWS\system32;C:\WINDOWS;C:\Users\el_va\bin;C:\Program Files\Git\mingw64\bin;C:\Program Files\Git\usr\local\bin;C:\Program Files\Git\usr\bin;C:\Program Files\Git\usr\bin;C:\Program Files\Git\mingw64\bin;C:\Program Files\Git\usr\bin;C:\Users\el_va\bin;C:\WINDOWS\system32;C:\WINDOWS;C:\WINDOWS\System32\Wbem;C:\WINDOWS\System32\WindowsPowerShell\v1.0;C:\WINDOWS\System32\OpenSSH;C:\Program Files\dotnet;C:\Program Files\Common Files\Autodesk Shared;C:\ProgramData\UNIVALI\Portugol Studio;C:\Program Files\Git\cmd;C:\xampp\php;C:\ProgramData\chocolatey\bin;C:\youtube-dl;C:\Program Files\Calibre2;C:\dart-sdk\bin;C:\Program Files\Docker\Docker\resources\bin;C:\Program Files\nodejs;C:\1\apache-maven-3.9.4\bin;C:\Program Files\OpenJDK\jdk-20.0.2\bin;C:\Program Files\MySQL\MySQL Shell 8.0\bin;C:\Users\el_va\AppData\Local\Programs\Python\Python310\Scripts;C:\Users\el_va\AppData\Local\Programs\Python\Python310;C:\Users\el_va\AppData\Local\Programs\Microsoft VS Code\bin;C:\Users\el_va\.dotnet\tools;C:\xampp\php;C:\youtube-dl;C:\Exercism;C:\Program Files\JetBrains\PyCharm Community Edition 2023.1.1\bin;C:\Users\el_va\AppData\Roaming\npm;C:\Users\el_va\AppData\Local\Android\Sdk\platform-tools;C:\1\apache-maven-3.9.4\bin;C:\Program Files\Git\usr\bin\vendor_perl;C:\Program Files\Git\usr\bin\core_perl;."/>
    <property name="java.vm.info" value="mixed mode, sharing"/>
    <property name="stderr.encoding" value="Cp1252"/>
    <property name="java.vendor" value="Oracle Corporation"/>
    <property name="java.vm.version" value="20.0.2+9-78"/>
    <property name="sun.io.unicode.encoding" value="UnicodeLittle"/>
    <property name="java.class.version" value="64.0"/>
  </properties>
  <testcase name="shouldAnswerWithTrue" classname="ifmt.cba.AppTest" time="0.007"/>
</testsuite>